2023-08-06 06:21:10.764260 - Initialized conversion of CBT665
2023-08-06 06:21:10.906745 - Received CBT.V505.FILE665.PDS from FILE665.XMI 
2023-08-06 06:21:10.909393 - Found $$$#DATE.txt (text/plain) in CBT.V505.FILE665.PDS, moved to PDS/$$$#DATE
2023-08-06 06:21:10.910347 - Found $$NOTE1.txt (text/plain) in CBT.V505.FILE665.PDS, moved to PDS/$$NOTE1
2023-08-06 06:21:10.911467 - Found $INDEX.txt (text/plain) in CBT.V505.FILE665.PDS, moved to PDS/$INDEX
2023-08-06 06:21:10.912573 - Found @FILE665.txt (text/plain) in CBT.V505.FILE665.PDS, moved to PDS/@FILE665
2023-08-06 06:21:10.913552 - Found EYEC.txt (text/plain) in CBT.V505.FILE665.PDS, moved to PDS/EYEC
2023-08-06 06:21:10.914575 - Found FMT$ASM.jcl (text/plain) in CBT.V505.FILE665.PDS, moved to PDS/FMT$ASM
2023-08-06 06:21:10.915598 - Found FMT$INST.jcl (text/plain) in CBT.V505.FILE665.PDS, moved to PDS/FMT$INST
2023-08-06 06:21:10.916550 - Found FMT$IVP.jcl (text/plain) in CBT.V505.FILE665.PDS, moved to PDS/FMT$IVP
2023-08-06 06:21:10.917460 - Found FMTIVP.txt (text/plain) in CBT.V505.FILE665.PDS, moved to PDS/FMTIVP
2023-08-06 06:21:10.918432 - Found FMTIVPD.txt (text/plain) in CBT.V505.FILE665.PDS, moved to PDS/FMTIVPD
2023-08-06 06:21:10.919395 - Found IFMTFILL.txt (text/plain) in CBT.V505.FILE665.PDS, moved to PDS/IFMTFILL
2023-08-06 06:21:10.920309 - Found IFMTFLPT.txt (text/plain) in CBT.V505.FILE665.PDS, moved to PDS/IFMTFLPT
2023-08-06 06:21:10.921216 - Found IFMTHEX.txt (text/plain) in CBT.V505.FILE665.PDS, moved to PDS/IFMTHEX
2023-08-06 06:21:10.922181 - Found IFMTLJST.txt (text/plain) in CBT.V505.FILE665.PDS, moved to PDS/IFMTLJST
2023-08-06 06:21:10.923099 - Found IFMTMASK.txt (text/plain) in CBT.V505.FILE665.PDS, moved to PDS/IFMTMASK
2023-08-06 06:21:10.924030 - Found IFMTNIB.txt (text/plain) in CBT.V505.FILE665.PDS, moved to PDS/IFMTNIB
2023-08-06 06:21:10.924992 - Found OFMTHEX.txt (text/plain) in CBT.V505.FILE665.PDS, moved to PDS/OFMTHEX
2023-08-06 06:21:10.925932 - Found OFMTMONY.txt (text/plain) in CBT.V505.FILE665.PDS, moved to PDS/OFMTMONY
